This is pdfTeX, Version 3.14159265-2.6-1.40.15 (TeX Live 2014) (preloaded format=pdflatex 2015.5.12)  8 MAR 2016 20:55
entering extended mode
 restricted \write18 enabled.
 %&-line parsing enabled.
**lab_report_1.tex
(./lab_report_1.tex
LaTeX2e <2014/05/01>
Babel <3.9k> and hyphenation patterns for 78 languages loaded.
(/usr/local/texlive/2014/texmf-dist/tex/latex/base/article.cls
Document Class: article 2007/10/19 v1.4h Standard LaTeX document class
(/usr/local/texlive/2014/texmf-dist/tex/latex/base/size10.clo
File: size10.clo 2007/10/19 v1.4h Standard LaTeX file (size option)
)
\c@part=\count79
\c@section=\count80
\c@subsection=\count81
\c@subsubsection=\count82
\c@paragraph=\count83
\c@subparagraph=\count84
\c@figure=\count85
\c@table=\count86
\abovecaptionskip=\skip41
\belowcaptionskip=\skip42
\bibindent=\dimen102
)
(/usr/local/texlive/2014/texmf-dist/tex/generic/babel/babel.sty
Package: babel 2014/03/24 3.9k The Babel package

(/usr/local/texlive/2014/texmf-dist/tex/generic/babel-spanish/spanish.ldf
Language: spanish.ldf 2014/04/24 v5.0n Spanish support from the babel system

(/usr/local/texlive/2014/texmf-dist/tex/generic/babel/babel.def
File: babel.def 2014/03/24 3.9k Babel common definitions
\babel@savecnt=\count87
\U@D=\dimen103
)
\es@quottoks=\toks14
\es@quotdepth=\count88
Package babel Info: Making " an active character on input line 516.
Package babel Info: Making . an active character on input line 617.
Package babel Info: Making < an active character on input line 662.
Package babel Info: Making > an active character on input line 662.
))
(/usr/local/texlive/2014/texmf-dist/tex/latex/datetime/datetime.sty
Package: datetime 2013/09/10 v2.59 Date Time Package

(/usr/local/texlive/2014/texmf-dist/tex/latex/etoolbox/etoolbox.sty
Package: etoolbox 2011/01/03 v2.1 e-TeX tools for LaTeX

(/usr/local/texlive/2014/texmf-dist/tex/latex/etex-pkg/etex.sty
Package: etex 1998/03/26 v2.0 eTeX basic definition package (PEB)
\et@xins=\count89
)
\etb@tempcnta=\count90
)
(/usr/local/texlive/2014/texmf-dist/tex/latex/fmtcount/fmtcount.sty
Package: fmtcount 2013/08/17 v2.03

(/usr/local/texlive/2014/texmf-dist/tex/latex/base/ifthen.sty
Package: ifthen 2001/05/26 v1.1c Standard LaTeX ifthen package (DPC)
)
(/usr/local/texlive/2014/texmf-dist/tex/latex/graphics/keyval.sty
Package: keyval 2014/05/08 v1.15 key=value parser (DPC)
\KV@toks@=\toks15
)
(/usr/local/texlive/2014/texmf-dist/tex/latex/fmtcount/fcprefix.sty
Package: fcprefix 2012/09/28

(/usr/local/texlive/2014/texmf-dist/tex/latex/fmtcount/fcnumparser.sty
Package: fcnumparser 2012/09/28
\fc@digit@counter=\count91
))
(/usr/local/texlive/2014/texmf-dist/tex/latex/amsmath/amsgen.sty
File: amsgen.sty 1999/11/30 v2.0
\@emptytoks=\toks16
\ex@=\dimen104
)
\c@padzeroesN=\count92
\fc@tmpcatcode=\count93
\@DT@modctr=\count94
\@ordinalctr=\count95
\@orgargctr=\count96
\@strctr=\count97
\@tmpstrctr=\count98
\@DT@loopN=\count99
\@DT@X=\count100
)
(/usr/local/texlive/2014/texmf-dist/tex/latex/datetime/datetime-defaults.sty
Package: datetime-defaults 2013/09/10
)
\@day=\count101
\@month=\count102
\@year=\count103
\c@HOUR=\count104
\c@HOURXII=\count105
\c@MINUTE=\count106
\c@TOHOUR=\count107
\c@TOMINUTE=\count108
\c@SECOND=\count109
\currenthour=\count110
\currentminute=\count111
\currentsecond=\count112
Package datetime Info: No datetime.cfg file found, using default settings on in
put line 308.
\@dtctr=\count113
\dayofyear=\count114
\dayofweek=\count115
LaTeX Info: Redefining \today on input line 736.

(/usr/local/texlive/2014/texmf-dist/tex/latex/datetime/dt-spanish.def
File: dt-spanish.def 2013/09/10
LaTeX Info: Redefining \datespanish on input line 85.
)
\dt@a=\toks17
\dt@b=\toks18
)
(/usr/local/texlive/2014/texmf-dist/tex/latex/geometry/geometry.sty
Package: geometry 2010/09/12 v5.6 Page Geometry

(/usr/local/texlive/2014/texmf-dist/tex/generic/oberdiek/ifpdf.sty
Package: ifpdf 2011/01/30 v2.3 Provides the ifpdf switch (HO)
Package ifpdf Info: pdfTeX in PDF mode is detected.
)
(/usr/local/texlive/2014/texmf-dist/tex/generic/oberdiek/ifvtex.sty
Package: ifvtex 2010/03/01 v1.5 Detect VTeX and its facilities (HO)
Package ifvtex Info: VTeX not detected.
)
(/usr/local/texlive/2014/texmf-dist/tex/generic/ifxetex/ifxetex.sty
Package: ifxetex 2010/09/12 v0.6 Provides ifxetex conditional
)
\Gm@cnth=\count116
\Gm@cntv=\count117
\c@Gm@tempcnt=\count118
\Gm@bindingoffset=\dimen105
\Gm@wd@mp=\dimen106
\Gm@odd@mp=\dimen107
\Gm@even@mp=\dimen108
\Gm@layoutwidth=\dimen109
\Gm@layoutheight=\dimen110
\Gm@layouthoffset=\dimen111
\Gm@layoutvoffset=\dimen112
\Gm@dimlist=\toks19
)
(/usr/local/texlive/2014/texmf-dist/tex/latex/mhchem/mhchem.sty
Package: mhchem 2014/03/27 v3.17 for typesetting chemical formulae

(/usr/local/texlive/2014/texmf-dist/tex/latex/tools/calc.sty
Package: calc 2007/08/22 v4.3 Infix arithmetic (KKT,FJ)
\calc@Acount=\count119
\calc@Bcount=\count120
\calc@Adimen=\dimen113
\calc@Bdimen=\dimen114
\calc@Askip=\skip43
\calc@Bskip=\skip44
LaTeX Info: Redefining \setlength on input line 75.
LaTeX Info: Redefining \addtolength on input line 76.
\calc@Ccount=\count121
\calc@Cskip=\skip45
)
(/usr/local/texlive/2014/texmf-dist/tex/latex/oberdiek/twoopt.sty
Package: twoopt 2008/08/11 v1.5 Definitions with two optional arguments (HO)
)
(/usr/local/texlive/2014/texmf-dist/tex/latex/amsmath/amsmath.sty
Package: amsmath 2013/01/14 v2.14 AMS math features
\@mathmargin=\skip46

For additional information on amsmath, use the `?' option.
(/usr/local/texlive/2014/texmf-dist/tex/latex/amsmath/amstext.sty
Package: amstext 2000/06/29 v2.01
)
(/usr/local/texlive/2014/texmf-dist/tex/latex/amsmath/amsbsy.sty
Package: amsbsy 1999/11/29 v1.2d
\pmbraise@=\dimen115
)
(/usr/local/texlive/2014/texmf-dist/tex/latex/amsmath/amsopn.sty
Package: amsopn 1999/12/14 v2.01 operator names
)
\inf@bad=\count122
LaTeX Info: Redefining \frac on input line 210.
\uproot@=\count123
\leftroot@=\count124
LaTeX Info: Redefining \overline on input line 306.
\classnum@=\count125
\DOTSCASE@=\count126
LaTeX Info: Redefining \ldots on input line 378.
LaTeX Info: Redefining \dots on input line 381.
LaTeX Info: Redefining \cdots on input line 466.
\Mathstrutbox@=\box26
\strutbox@=\box27
\big@size=\dimen116
LaTeX Font Info:    Redeclaring font encoding OML on input line 566.
LaTeX Font Info:    Redeclaring font encoding OMS on input line 567.
\macc@depth=\count127
\c@MaxMatrixCols=\count128
\dotsspace@=\muskip10
\c@parentequation=\count129
\dspbrk@lvl=\count130
\tag@help=\toks20
\row@=\count131
\column@=\count132
\maxfields@=\count133
\andhelp@=\toks21
\eqnshift@=\dimen117
\alignsep@=\dimen118
\tagshift@=\dimen119
\tagwidth@=\dimen120
\totwidth@=\dimen121
\lineht@=\dimen122
\@envbody=\toks22
\multlinegap=\skip47
\multlinetaggap=\skip48
\mathdisplay@stack=\toks23
LaTeX Info: Redefining \[ on input line 2665.
LaTeX Info: Redefining \] on input line 2666.
)
(/usr/local/texlive/2014/texmf-dist/tex/latex/graphics/graphics.sty
Package: graphics 2009/02/05 v1.0o Standard LaTeX Graphics (DPC,SPQR)

(/usr/local/texlive/2014/texmf-dist/tex/latex/graphics/trig.sty
Package: trig 1999/03/16 v1.09 sin cos tan (DPC)
)
(/usr/local/texlive/2014/texmf-dist/tex/latex/latexconfig/graphics.cfg
File: graphics.cfg 2010/04/23 v1.9 graphics configuration of TeX Live
)
Package graphics Info: Driver file: pdftex.def on input line 91.

(/usr/local/texlive/2014/texmf-dist/tex/latex/pdftex-def/pdftex.def
File: pdftex.def 2011/05/27 v0.06d Graphics/color for pdfTeX

(/usr/local/texlive/2014/texmf-dist/tex/generic/oberdiek/infwarerr.sty
Package: infwarerr 2010/04/08 v1.3 Providing info/warning/error messages (HO)
)
(/usr/local/texlive/2014/texmf-dist/tex/generic/oberdiek/ltxcmds.sty
Package: ltxcmds 2011/11/09 v1.22 LaTeX kernel commands for general use (HO)
)
\Gread@gobject=\count134
))
(/usr/local/texlive/2014/texmf-dist/tex/generic/oberdiek/pdftexcmds.sty
Package: pdftexcmds 2011/11/29 v0.20 Utility functions of pdfTeX for LuaTeX (HO
)

(/usr/local/texlive/2014/texmf-dist/tex/generic/oberdiek/ifluatex.sty
Package: ifluatex 2010/03/01 v1.3 Provides the ifluatex switch (HO)
Package ifluatex Info: LuaTeX not detected.
)
Package pdftexcmds Info: LuaTeX not detected.
Package pdftexcmds Info: \pdf@primitive is available.
Package pdftexcmds Info: \pdf@ifprimitive is available.
Package pdftexcmds Info: \pdfdraftmode found.
)
(/usr/local/texlive/2014/texmf-dist/tex/latex/l3kernel/expl3.sty
Package: expl3 2014/05/20 v4814 L3 programming layer (loader) 

(/usr/local/texlive/2014/texmf-dist/tex/latex/l3kernel/expl3-code.tex
Package: expl3 2014/05/20 v4814 L3 programming layer (code) 
L3 Module: l3bootstrap 2014/05/16 v4782 L3 Bootstrap code
L3 Module: l3names 2014/05/04 v4728 L3 Namespace for primitives
L3 Module: l3basics 2014/05/04 v4728 L3 Basic definitions
L3 Module: l3expan 2014/04/30 v4712 L3 Argument expansion
L3 Module: l3tl 2014/05/04 v4728 L3 Token lists
L3 Module: l3seq 2014/04/30 v4712 L3 Sequences and stacks
L3 Module: l3int 2014/05/16 v4776 L3 Integers
\c_max_int=\count135
\l_tmpa_int=\count136
\l_tmpb_int=\count137
\g_tmpa_int=\count138
\g_tmpb_int=\count139
L3 Module: l3quark 2014/05/04 v4728 L3 Quarks
L3 Module: l3prg 2014/05/04 v4728 L3 Control structures
\g__prg_map_int=\count140
L3 Module: l3clist 2014/05/04 v4728 L3 Comma separated lists
L3 Module: l3token 2014/05/04 v4728 L3 Experimental token manipulation
L3 Module: l3prop 2014/04/30 v4712 L3 Property lists
L3 Module: l3msg 2014/05/04 v4728 L3 Messages
L3 Module: l3file 2014/05/05 v4737 L3 File and I/O operations
\l_iow_line_count_int=\count141
\l__iow_target_count_int=\count142
\l__iow_current_line_int=\count143
\l__iow_current_word_int=\count144
\l__iow_current_indentation_int=\count145
L3 Module: l3skip 2014/05/05 v4738 L3 Dimensions and skips
\c_zero_dim=\dimen123
\c_max_dim=\dimen124
\l_tmpa_dim=\dimen125
\l_tmpb_dim=\dimen126
\g_tmpa_dim=\dimen127
\g_tmpb_dim=\dimen128
\c_zero_skip=\skip49
\c_max_skip=\skip50
\l_tmpa_skip=\skip51
\l_tmpb_skip=\skip52
\g_tmpa_skip=\skip53
\g_tmpb_skip=\skip54
\c_zero_muskip=\muskip11
\c_max_muskip=\muskip12
\l_tmpa_muskip=\muskip13
\l_tmpb_muskip=\muskip14
\g_tmpa_muskip=\muskip15
\g_tmpb_muskip=\muskip16
L3 Module: l3keys 2014/05/08 v4753 L3 Key-value interfaces
\g__keyval_level_int=\count146
\l_keys_choice_int=\count147
L3 Module: l3fp 2014/04/30 v4712 L3 Floating points
\c__fp_leading_shift_int=\count148
\c__fp_middle_shift_int=\count149
\c__fp_trailing_shift_int=\count150
\c__fp_big_leading_shift_int=\count151
\c__fp_big_middle_shift_int=\count152
\c__fp_big_trailing_shift_int=\count153
\c__fp_Bigg_leading_shift_int=\count154
\c__fp_Bigg_middle_shift_int=\count155
\c__fp_Bigg_trailing_shift_int=\count156
L3 Module: l3box 2014/05/04 v4728 L3 Experimental boxes
\c_empty_box=\box28
\l_tmpa_box=\box29
\l_tmpb_box=\box30
\g_tmpa_box=\box31
\g_tmpb_box=\box32
L3 Module: l3coffins 2014/05/04 v4728 L3 Coffin code layer
\l__coffin_internal_box=\box33
\l__coffin_internal_dim=\dimen129
\l__coffin_offset_x_dim=\dimen130
\l__coffin_offset_y_dim=\dimen131
\l__coffin_x_dim=\dimen132
\l__coffin_y_dim=\dimen133
\l__coffin_x_prime_dim=\dimen134
\l__coffin_y_prime_dim=\dimen135
\c_empty_coffin=\box34
\l__coffin_aligned_coffin=\box35
\l__coffin_aligned_internal_coffin=\box36
\l_tmpa_coffin=\box37
\l_tmpb_coffin=\box38
\l__coffin_display_coffin=\box39
\l__coffin_display_coord_coffin=\box40
\l__coffin_display_pole_coffin=\box41
\l__coffin_display_offset_dim=\dimen136
\l__coffin_display_x_dim=\dimen137
\l__coffin_display_y_dim=\dimen138
L3 Module: l3color 2014/04/30 v4712 L3 Experimental color support
L3 Module: l3luatex 2014/04/30 v4712 L3 Experimental LuaTeX-specific functions
\g__cctab_allocate_int=\count157
\g__cctab_stack_int=\count158
L3 Module: l3candidates 2014/05/04 v4734 L3 Experimental additions to l3kernel
\l__box_top_dim=\dimen139
\l__box_bottom_dim=\dimen140
\l__box_left_dim=\dimen141
\l__box_right_dim=\dimen142
\l__box_top_new_dim=\dimen143
\l__box_bottom_new_dim=\dimen144
\l__box_left_new_dim=\dimen145
\l__box_right_new_dim=\dimen146
\l__box_internal_box=\box42
\l__coffin_bounding_shift_dim=\dimen147
\l__coffin_left_corner_dim=\dimen148
\l__coffin_right_corner_dim=\dimen149
\l__coffin_bottom_corner_dim=\dimen150
\l__coffin_top_corner_dim=\dimen151
\l__coffin_scaled_total_height_dim=\dimen152
\l__coffin_scaled_width_dim=\dimen153
))
\mhchem@ce@result=\toks24
\mhchem@ce@part=\toks25
\mhchem@arrow@deployType=\toks26
\mhchem@arrow@params=\toks27
\mhchem@arrowlength@pgf=\skip55
\mhchem@bondwidth=\skip56
\mhchem@bondheight=\skip57
\mhchem@smallbondwidth@tmpA=\skip58
\mhchem@smallbondwidth@tmpB=\skip59
\mhchem@smallbondwidth=\skip60
\__mhchem_option_version_int=\count159
\mhchem@prepostscript@tmp@i=\skip61
\mhchem@prepostscript@tmp@ii=\skip62
\mhchem@mathbox@tmp@i=\skip63
\mhchem@mathbox@tmp@ii=\skip64
\mhchem@minispace@tmp=\skip65
\mhchem@option@minussidebearingleft=\skip66
\mhchem@option@minussidebearingright=\skip67
)
(/usr/local/texlive/2014/texmf-dist/tex/latex/graphics/graphicx.sty
Package: graphicx 2014/04/25 v1.0g Enhanced LaTeX Graphics (DPC,SPQR)
\Gin@req@height=\dimen154
\Gin@req@width=\dimen155
)
(/usr/local/texlive/2014/texmf-dist/tex/latex/amsfonts/amsfonts.sty
Package: amsfonts 2013/01/14 v3.01 Basic AMSFonts support
\symAMSa=\mathgroup4
\symAMSb=\mathgroup5
LaTeX Font Info:    Overwriting math alphabet `\mathfrak' in version `bold'
(Font)                  U/euf/m/n --> U/euf/b/n on input line 106.
)
(/usr/local/texlive/2014/texmf-dist/tex/latex/mh/mathtools.sty
Package: mathtools 2014/05/21 v1.14 mathematical typesetting tools

(/usr/local/texlive/2014/texmf-dist/tex/latex/mh/mhsetup.sty
Package: mhsetup 2010/01/21 v1.2a programming setup (MH)
)
LaTeX Info: Thecontrolsequence`\['isalreadyrobust on input line 129.
LaTeX Info: Thecontrolsequence`\]'isalreadyrobust on input line 129.
\g_MT_multlinerow_int=\count160
\l_MT_multwidth_dim=\dimen156
\origjot=\skip68
\l_MT_shortvdotswithinadjustabove_dim=\dimen157
\l_MT_shortvdotswithinadjustbelow_dim=\dimen158
\l_MT_above_intertext_sep=\dimen159
\l_MT_below_intertext_sep=\dimen160
\l_MT_above_shortintertext_sep=\dimen161
\l_MT_below_shortintertext_sep=\dimen162
)
(/usr/local/texlive/2014/texmf-dist/tex/latex/changepage/changepage.sty
Package: changepage 2009/10/20 v1.0c check page and change page layout
\c@cp@cntr=\count161
\cp@tempcnt=\count162
)
(/usr/local/texlive/2014/texmf-dist/tex/latex/xcolor/xcolor.sty
Package: xcolor 2007/01/21 v2.11 LaTeX color extensions (UK)

(/usr/local/texlive/2014/texmf-dist/tex/latex/latexconfig/color.cfg
File: color.cfg 2007/01/18 v1.5 color configuration of teTeX/TeXLive
)
Package xcolor Info: Driver file: pdftex.def on input line 225.
Package xcolor Info: Model `cmy' substituted by `cmy0' on input line 1337.
Package xcolor Info: Model `hsb' substituted by `rgb' on input line 1341.
Package xcolor Info: Model `RGB' extended on input line 1353.
Package xcolor Info: Model `HTML' substituted by `rgb' on input line 1355.
Package xcolor Info: Model `Hsb' substituted by `hsb' on input line 1356.
Package xcolor Info: Model `tHsb' substituted by `hsb' on input line 1357.
Package xcolor Info: Model `HSB' substituted by `hsb' on input line 1358.
Package xcolor Info: Model `Gray' substituted by `gray' on input line 1359.
Package xcolor Info: Model `wave' substituted by `hsb' on input line 1360.
)
(/usr/local/texlive/2014/texmf-dist/tex/latex/sectsty/sectsty.sty
Package: sectsty 2002/02/25 v2.0.2 Commands to change all sectional heading sty
les
)
(/usr/local/texlive/2014/texmf-dist/tex/latex/titlesec/titlesec.sty
Package: titlesec 2011/12/15 v2.10.0 Sectioning titles
\ttl@box=\box43
\beforetitleunit=\skip69
\aftertitleunit=\skip70
\ttl@plus=\dimen163
\ttl@minus=\dimen164
\ttl@toksa=\toks28
\titlewidth=\dimen165
\titlewidthlast=\dimen166
\titlewidthfirst=\dimen167
)
(/usr/local/texlive/2014/texmf-dist/tex/latex/enumitem/enumitem.sty
Package: enumitem 2011/09/28 v3.5.2 Customized lists
\labelindent=\skip71
\enit@outerparindent=\dimen168
\enit@toks=\toks29
\enit@inbox=\box44
\enitdp@description=\count163
)
(/usr/local/texlive/2014/texmf-dist/tex/latex/tocloft/tocloft.sty
Package: tocloft 2013/05/02 v2.3f parameterised ToC, etc., typesetting
Package tocloft Info: The document has section divisions on input line 44.
\cftparskip=\skip72
\cftbeforetoctitleskip=\skip73
\cftaftertoctitleskip=\skip74
\cftbeforepartskip=\skip75
\cftpartnumwidth=\skip76
\cftpartindent=\skip77
\cftbeforesecskip=\skip78
\cftsecindent=\skip79
\cftsecnumwidth=\skip80
\cftbeforesubsecskip=\skip81
\cftsubsecindent=\skip82
\cftsubsecnumwidth=\skip83
\cftbeforesubsubsecskip=\skip84
\cftsubsubsecindent=\skip85
\cftsubsubsecnumwidth=\skip86
\cftbeforeparaskip=\skip87
\cftparaindent=\skip88
\cftparanumwidth=\skip89
\cftbeforesubparaskip=\skip90
\cftsubparaindent=\skip91
\cftsubparanumwidth=\skip92
\cftbeforeloftitleskip=\skip93
\cftafterloftitleskip=\skip94
\cftbeforefigskip=\skip95
\cftfigindent=\skip96
\cftfignumwidth=\skip97
\c@lofdepth=\count164
\c@lotdepth=\count165
\cftbeforelottitleskip=\skip98
\cftafterlottitleskip=\skip99
\cftbeforetabskip=\skip100
\cfttabindent=\skip101
\cfttabnumwidth=\skip102
)
(/usr/local/texlive/2014/texmf-dist/tex/latex/preprint/authblk.sty
Package: authblk 2001/02/27 1.3 (PWD)
\affilsep=\skip103
\@affilsep=\skip104
\c@Maxaffil=\count166
\c@authors=\count167
\c@affil=\count168
)
(/usr/local/texlive/2014/texmf-dist/tex/latex/hyperref/hyperref.sty
Package: hyperref 2012/11/06 v6.83m Hypertext links for LaTeX

(/usr/local/texlive/2014/texmf-dist/tex/generic/oberdiek/hobsub-hyperref.sty
Package: hobsub-hyperref 2012/05/28 v1.13 Bundle oberdiek, subset hyperref (HO)


(/usr/local/texlive/2014/texmf-dist/tex/generic/oberdiek/hobsub-generic.sty
Package: hobsub-generic 2012/05/28 v1.13 Bundle oberdiek, subset generic (HO)
Package: hobsub 2012/05/28 v1.13 Construct package bundles (HO)
Package hobsub Info: Skipping package `infwarerr' (already loaded).
Package hobsub Info: Skipping package `ltxcmds' (already loaded).
Package hobsub Info: Skipping package `ifluatex' (already loaded).
Package hobsub Info: Skipping package `ifvtex' (already loaded).
Package: intcalc 2007/09/27 v1.1 Expandable calculations with integers (HO)
Package hobsub Info: Skipping package `ifpdf' (already loaded).
Package: etexcmds 2011/02/16 v1.5 Avoid name clashes with e-TeX commands (HO)
Package etexcmds Info: Could not find \expanded.
(etexcmds)             That can mean that you are not using pdfTeX 1.50 or
(etexcmds)             that some package has redefined \expanded.
(etexcmds)             In the latter case, load this package earlier.
Package: kvsetkeys 2012/04/25 v1.16 Key value parser (HO)
Package: kvdefinekeys 2011/04/07 v1.3 Define keys (HO)
Package hobsub Info: Skipping package `pdftexcmds' (already loaded).
Package: pdfescape 2011/11/25 v1.13 Implements pdfTeX's escape features (HO)
Package: bigintcalc 2012/04/08 v1.3 Expandable calculations on big integers (HO
)
Package: bitset 2011/01/30 v1.1 Handle bit-vector datatype (HO)
Package: uniquecounter 2011/01/30 v1.2 Provide unlimited unique counter (HO)
)
Package hobsub Info: Skipping package `hobsub' (already loaded).
Package: letltxmacro 2010/09/02 v1.4 Let assignment for LaTeX macros (HO)
Package: hopatch 2012/05/28 v1.2 Wrapper for package hooks (HO)
Package: xcolor-patch 2011/01/30 xcolor patch
Package: atveryend 2011/06/30 v1.8 Hooks at the very end of document (HO)
Package: atbegshi 2011/10/05 v1.16 At begin shipout hook (HO)
Package: refcount 2011/10/16 v3.4 Data extraction from label references (HO)
Package: hycolor 2011/01/30 v1.7 Color options for hyperref/bookmark (HO)
)
(/usr/local/texlive/2014/texmf-dist/tex/latex/oberdiek/auxhook.sty
Package: auxhook 2011/03/04 v1.3 Hooks for auxiliary files (HO)
)
(/usr/local/texlive/2014/texmf-dist/tex/latex/oberdiek/kvoptions.sty
Package: kvoptions 2011/06/30 v3.11 Key value format for package options (HO)
)
\@linkdim=\dimen169
\Hy@linkcounter=\count169
\Hy@pagecounter=\count170

(/usr/local/texlive/2014/texmf-dist/tex/latex/hyperref/pd1enc.def
File: pd1enc.def 2012/11/06 v6.83m Hyperref: PDFDocEncoding definition (HO)
)
\Hy@SavedSpaceFactor=\count171

(/usr/local/texlive/2014/texmf-dist/tex/latex/latexconfig/hyperref.cfg
File: hyperref.cfg 2002/06/06 v1.2 hyperref configuration of TeXLive
)
Package hyperref Info: Hyper figures OFF on input line 4443.
Package hyperref Info: Link nesting OFF on input line 4448.
Package hyperref Info: Hyper index ON on input line 4451.
Package hyperref Info: Plain pages OFF on input line 4458.
Package hyperref Info: Backreferencing OFF on input line 4463.
Package hyperref Info: Implicit mode ON; LaTeX internals redefined.
Package hyperref Info: Bookmarks ON on input line 4688.
\c@Hy@tempcnt=\count172

(/usr/local/texlive/2014/texmf-dist/tex/latex/url/url.sty
\Urlmuskip=\muskip17
Package: url 2013/09/16  ver 3.4  Verb mode for urls, etc.
)
LaTeX Info: Redefining \url on input line 5041.
\XeTeXLinkMargin=\dimen170
\Fld@menulength=\count173
\Field@Width=\dimen171
\Fld@charsize=\dimen172
Package hyperref Info: Hyper figures OFF on input line 6295.
Package hyperref Info: Link nesting OFF on input line 6300.
Package hyperref Info: Hyper index ON on input line 6303.
Package hyperref Info: backreferencing OFF on input line 6310.
Package hyperref Info: Link coloring OFF on input line 6315.
Package hyperref Info: Link coloring with OCG OFF on input line 6320.
Package hyperref Info: PDF/A mode OFF on input line 6325.
LaTeX Info: Redefining \ref on input line 6365.
LaTeX Info: Redefining \pageref on input line 6369.
\Hy@abspage=\count174
\c@Item=\count175
\c@Hfootnote=\count176
)

Package hyperref Message: Driver (autodetected): hpdftex.

(/usr/local/texlive/2014/texmf-dist/tex/latex/hyperref/hpdftex.def
File: hpdftex.def 2012/11/06 v6.83m Hyperref driver for pdfTeX
\Fld@listcount=\count177
\c@bookmark@seq@number=\count178

(/usr/local/texlive/2014/texmf-dist/tex/latex/oberdiek/rerunfilecheck.sty
Package: rerunfilecheck 2011/04/15 v1.7 Rerun checks for auxiliary files (HO)
Package uniquecounter Info: New unique counter `rerunfilecheck' on input line 2
82.
)
\Hy@SectionHShift=\skip105
)
(/usr/local/texlive/2014/texmf-dist/tex/latex/fancyhdr/fancyhdr.sty
\fancy@headwidth=\skip106
\f@ncyO@elh=\skip107
\f@ncyO@erh=\skip108
\f@ncyO@olh=\skip109
\f@ncyO@orh=\skip110
\f@ncyO@elf=\skip111
\f@ncyO@erf=\skip112
\f@ncyO@olf=\skip113
\f@ncyO@orf=\skip114
)
(/usr/local/texlive/2014/texmf-dist/tex/latex/tocbibind/tocbibind.sty
Package: tocbibind 2010/10/13 v1.5k extra ToC listings
Package tocbibind Info: The document has section divisions on input line 50.


Package tocbibind Note: Using section or other style headings.

) (/usr/local/texlive/2014/texmf-dist/tex/latex/tools/layout.sty
Package: layout 2000/09/25 v1.2c Show layout parameters
\oneinch=\count179
\cnt@paperwidth=\count180
\cnt@paperheight=\count181
\cnt@hoffset=\count182
\cnt@voffset=\count183
\cnt@textheight=\count184
\cnt@textwidth=\count185
\cnt@topmargin=\count186
\cnt@oddsidemargin=\count187
\cnt@evensidemargin=\count188
\cnt@headheight=\count189
\cnt@headsep=\count190
\cnt@marginparsep=\count191
\cnt@marginparwidth=\count192
\cnt@marginparpush=\count193
\cnt@footskip=\count194
\fheight=\count195
\ref@top=\count196
\ref@hoffset=\count197
\ref@voffset=\count198
\ref@head=\count199
\ref@body=\count200
\ref@foot=\count201
Normal \count register pool exhausted, switching to extended pool.
\ref@margin=\count277
\ref@marginwidth=\count278
\ref@marginpar=\count279
\Interval=\count280
\ExtraYPos=\count281
\PositionX=\count282
\PositionY=\count283
\ArrowLength=\count284
)
(/usr/local/texlive/2014/texmf-dist/tex/latex/adjustbox/adjustbox.sty
Package: adjustbox 2012/05/21 v1.0 Adjusting TeX boxes (trim, clip, ...)

(/usr/local/texlive/2014/texmf-dist/tex/latex/xkeyval/xkeyval.sty
Package: xkeyval 2014/05/09 v2.6d package option processing (HA)

(/usr/local/texlive/2014/texmf-dist/tex/generic/xkeyval/xkeyval.tex
\XKV@toks=\toks30
\XKV@tempa@toks=\toks31
\XKV@depth=\count285
File: xkeyval.tex 2014/05/09 v2.6d key=value parser (HA)
))
(/usr/local/texlive/2014/texmf-dist/tex/latex/adjustbox/adjcalc.sty
Package: adjcalc 2012/05/16 v1.1 Provides advanced setlength with multiple back
-ends (calc, etex, pgfmath)
)
(/usr/local/texlive/2014/texmf-dist/tex/latex/adjustbox/trimclip.sty
Package: trimclip 2012/05/16 v1.0 Trim and clip general TeX material

(/usr/local/texlive/2014/texmf-dist/tex/latex/collectbox/collectbox.sty
Package: collectbox 2012/05/17 v0.4b Collect macro arguments as boxes
\collectedbox=\box45
)
\tc@llx=\dimen173
\tc@lly=\dimen174
\tc@urx=\dimen175
\tc@ury=\dimen176
Package trimclip Info: Using driver 'tc-pdftex.def'.

(/usr/local/texlive/2014/texmf-dist/tex/latex/adjustbox/tc-pdftex.def
File: tc-pdftex.def 2012/05/13 v1.0 Clipping driver for pdftex
))
\adjbox@Width=\dimen177
\adjbox@Height=\dimen178
\adjbox@Depth=\dimen179
\adjbox@Totalheight=\dimen180

(/usr/local/texlive/2014/texmf-dist/tex/latex/ifoddpage/ifoddpage.sty
Package: ifoddpage 2011/09/13 v1.0 Conditionals for odd/even page detection
\c@checkoddpage=\count286
LaTeX Info: Redefining \checkoddpage on input line 25.
)
(/usr/local/texlive/2014/texmf-dist/tex/latex/varwidth/varwidth.sty
Package: varwidth 2009/03/30 ver 0.92;  Variable-width minipages
\@vwid@box=\box46
\sift@deathcycles=\count287
\@vwid@loff=\dimen181
\@vwid@roff=\dimen182
))
(/usr/local/texlive/2014/texmf-dist/tex/latex/float/float.sty
Package: float 2001/11/08 v1.3d Float enhancements (AL)
\c@float@type=\count288
\float@exts=\toks32
\float@box=\box47
\@float@everytoks=\toks33
\@floatcapt=\box48
)
(/usr/local/texlive/2014/texmf-dist/tex/latex/subfig/subfig.sty
Package: subfig 2005/06/28 ver: 1.3 subfig package

(/usr/local/texlive/2014/texmf-dist/tex/latex/caption/caption.sty
Package: caption 2013/05/02 v3.3-89 Customizing captions (AR)

(/usr/local/texlive/2014/texmf-dist/tex/latex/caption/caption3.sty
Package: caption3 2013/05/02 v1.6-88 caption3 kernel (AR)
Package caption3 Info: TeX engine: e-TeX on input line 57.
\captionmargin=\dimen183
\captionmargin@=\dimen184
\captionwidth=\dimen185
\caption@tempdima=\dimen186
\caption@indent=\dimen187
\caption@parindent=\dimen188
\caption@hangindent=\dimen189
)
\c@ContinuedFloat=\count289
Package caption Info: float package is loaded.
Package caption Info: hyperref package is loaded.
)
\c@KVtest=\count290
\sf@farskip=\skip115
\sf@captopadj=\dimen190
\sf@capskip=\skip116
\sf@nearskip=\skip117
\c@subfigure=\count291
\c@subfigure@save=\count292
\c@subtable=\count293
\c@subtable@save=\count294
\sf@top=\skip118
\sf@bottom=\skip119
)
(./lab_report_1.aux
LaTeX Info: Redefining \. on input line 23.
LaTeX Info: Redefining \% on input line 23.
)
\openout1 = `lab_report_1.aux'.

LaTeX Font Info:    Checking defaults for OML/cmm/m/it on input line 139.
LaTeX Font Info:    ... okay on input line 139.
LaTeX Font Info:    Checking defaults for T1/cmr/m/n on input line 139.
LaTeX Font Info:    ... okay on input line 139.
LaTeX Font Info:    Checking defaults for OT1/cmr/m/n on input line 139.
LaTeX Font Info:    ... okay on input line 139.
LaTeX Font Info:    Checking defaults for OMS/cmsy/m/n on input line 139.
LaTeX Font Info:    ... okay on input line 139.
LaTeX Font Info:    Checking defaults for OMX/cmex/m/n on input line 139.
LaTeX Font Info:    ... okay on input line 139.
LaTeX Font Info:    Checking defaults for U/cmr/m/n on input line 139.
LaTeX Font Info:    ... okay on input line 139.
LaTeX Font Info:    Checking defaults for PD1/pdf/m/n on input line 139.
LaTeX Font Info:    ... okay on input line 139.
LaTeX Info: Redefining \. on input line 139.
LaTeX Info: Redefining \% on input line 139.

*geometry* driver: auto-detecting
*geometry* detected driver: pdftex
*geometry* verbose mode - [ preamble ] result:
* driver: pdftex
* paper: a4paper
* layout: <same size as paper>
* layoutoffset:(h,v)=(0.0pt,0.0pt)
* modes: 
* h-part:(L,W,R)=(89.62709pt, 418.25368pt, 89.6271pt)
* v-part:(T,H,B)=(85.35826pt, 688.5567pt, 71.13188pt)
* \paperwidth=597.50787pt
* \paperheight=845.04684pt
* \textwidth=418.25368pt
* \textheight=688.5567pt
* \oddsidemargin=17.3571pt
* \evensidemargin=17.3571pt
* \topmargin=-109.59085pt
* \headheight=80.0pt
* \headsep=42.67912pt
* \topskip=10.0pt
* \footskip=30.0pt
* \marginparwidth=65.0pt
* \marginparsep=11.0pt
* \columnsep=10.0pt
* \skip\footins=9.0pt plus 4.0pt minus 2.0pt
* \hoffset=0.0pt
* \voffset=0.0pt
* \mag=1000
* \@twocolumnfalse
* \@twosidefalse
* \@mparswitchfalse
* \@reversemarginfalse
* (1in=72.27pt=25.4mm, 1cm=28.453pt)

(/usr/local/texlive/2014/texmf-dist/tex/context/base/supp-pdf.mkii
[Loading MPS to PDF converter (version 2006.09.02).]
\scratchcounter=\count295
\scratchdimen=\dimen191
\scratchbox=\box49
\nofMPsegments=\count296
\nofMParguments=\count297
\everyMPshowfont=\toks34
\MPscratchCnt=\count298
\MPscratchDim=\dimen192
\MPnumerator=\count299
\makeMPintoPDFobject=\count300
\everyMPtoPDFconversion=\toks35
) (/usr/local/texlive/2014/texmf-dist/tex/latex/oberdiek/epstopdf-base.sty
Package: epstopdf-base 2010/02/09 v2.5 Base part for package epstopdf

(/usr/local/texlive/2014/texmf-dist/tex/latex/oberdiek/grfext.sty
Package: grfext 2010/08/19 v1.1 Manage graphics extensions (HO)
)
Package grfext Info: Graphics extension search list:
(grfext)             [.png,.pdf,.jpg,.mps,.jpeg,.jbig2,.jb2,.PNG,.PDF,.JPG,.JPE
G,.JBIG2,.JB2,.eps]
(grfext)             \AppendGraphicsExtensions on input line 452.

(/usr/local/texlive/2014/texmf-dist/tex/latex/latexconfig/epstopdf-sys.cfg
File: epstopdf-sys.cfg 2010/07/13 v1.3 Configuration of (r)epstopdf for TeX Liv
e
))
\AtBeginShipoutBox=\box50
Package hyperref Info: Link coloring OFF on input line 139.

(/usr/local/texlive/2014/texmf-dist/tex/latex/hyperref/nameref.sty
Package: nameref 2012/10/27 v2.43 Cross-referencing by name of section

(/usr/local/texlive/2014/texmf-dist/tex/generic/oberdiek/gettitlestring.sty
Package: gettitlestring 2010/12/03 v1.4 Cleanup title references (HO)
)
\c@section@level=\count301
)
LaTeX Info: Redefining \ref on input line 139.
LaTeX Info: Redefining \pageref on input line 139.
LaTeX Info: Redefining \nameref on input line 139.

(./lab_report_1.out) (./lab_report_1.out)
\@outlinefile=\write3
\openout3 = `lab_report_1.out'.

Package caption Info: Begin \AtBeginDocument code.
Package caption Info: subfig package v1.3 is loaded.
Package caption Info: End \AtBeginDocument code.
LaTeX Font Info:    Try loading font information for U+msa on input line 144.

(/usr/local/texlive/2014/texmf-dist/tex/latex/amsfonts/umsa.fd
File: umsa.fd 2013/01/14 v3.01 AMS symbols A
)
LaTeX Font Info:    Try loading font information for U+msb on input line 144.

(/usr/local/texlive/2014/texmf-dist/tex/latex/amsfonts/umsb.fd
File: umsb.fd 2013/01/14 v3.01 AMS symbols B
)
Package babel Info: Redefining spanish shorthand <<
(babel)             in language  on input line 146.
Package babel Info: Redefining spanish shorthand >>
(babel)             in language  on input line 146.
Package babel Info: Redefining spanish shorthand "=
(babel)             in language  on input line 146.
Package babel Info: Redefining spanish shorthand "~
(babel)             in language  on input line 146.
Package babel Info: Redefining spanish shorthand "!
(babel)             in language  on input line 146.
Package babel Info: Redefining spanish shorthand "?
(babel)             in language  on input line 146.
Package babel Info: Redefining spanish shorthand <<
(babel)             in language  on input line 146.
Package babel Info: Redefining spanish shorthand >>
(babel)             in language  on input line 146.
Package babel Info: Redefining spanish shorthand "=
(babel)             in language  on input line 146.
Package babel Info: Redefining spanish shorthand "~
(babel)             in language  on input line 146.
Package babel Info: Redefining spanish shorthand "!
(babel)             in language  on input line 146.
Package babel Info: Redefining spanish shorthand "?
(babel)             in language  on input line 146.
 [1

{/usr/local/texlive/2014/texmf-var/fonts/map/pdftex/updmap/pdftex.map}] (./lab_
report_1.toc
LaTeX Info: Redefining \. on input line 1.
LaTeX Info: Redefining \% on input line 1.
)
\tf@toc=\write4
\openout4 = `lab_report_1.toc'.

Package babel Info: Redefining spanish shorthand <<
(babel)             in language  on input line 148.
Package babel Info: Redefining spanish shorthand >>
(babel)             in language  on input line 148.
Package babel Info: Redefining spanish shorthand "=
(babel)             in language  on input line 148.
Package babel Info: Redefining spanish shorthand "~
(babel)             in language  on input line 148.
Package babel Info: Redefining spanish shorthand "!
(babel)             in language  on input line 148.
Package babel Info: Redefining spanish shorthand "?
(babel)             in language  on input line 148.
Package babel Info: Redefining spanish shorthand <<
(babel)             in language  on input line 148.
Package babel Info: Redefining spanish shorthand >>
(babel)             in language  on input line 148.
Package babel Info: Redefining spanish shorthand "=
(babel)             in language  on input line 148.
Package babel Info: Redefining spanish shorthand "~
(babel)             in language  on input line 148.
Package babel Info: Redefining spanish shorthand "!
(babel)             in language  on input line 148.
Package babel Info: Redefining spanish shorthand "?
(babel)             in language  on input line 148.
[2]
Package babel Info: Redefining spanish shorthand <<
(babel)             in language  on input line 153.
Package babel Info: Redefining spanish shorthand >>
(babel)             in language  on input line 153.
Package babel Info: Redefining spanish shorthand "=
(babel)             in language  on input line 153.
Package babel Info: Redefining spanish shorthand "~
(babel)             in language  on input line 153.
Package babel Info: Redefining spanish shorthand "!
(babel)             in language  on input line 153.
Package babel Info: Redefining spanish shorthand "?
(babel)             in language  on input line 153.
Package babel Info: Redefining spanish shorthand <<
(babel)             in language  on input line 172.
Package babel Info: Redefining spanish shorthand >>
(babel)             in language  on input line 172.
Package babel Info: Redefining spanish shorthand "=
(babel)             in language  on input line 172.
Package babel Info: Redefining spanish shorthand "~
(babel)             in language  on input line 172.
Package babel Info: Redefining spanish shorthand "!
(babel)             in language  on input line 172.
Package babel Info: Redefining spanish shorthand "?
(babel)             in language  on input line 172.
Package babel Info: Redefining spanish shorthand <<
(babel)             in language  on input line 180.
Package babel Info: Redefining spanish shorthand >>
(babel)             in language  on input line 180.
Package babel Info: Redefining spanish shorthand "=
(babel)             in language  on input line 180.
Package babel Info: Redefining spanish shorthand "~
(babel)             in language  on input line 180.
Package babel Info: Redefining spanish shorthand "!
(babel)             in language  on input line 180.
Package babel Info: Redefining spanish shorthand "?
(babel)             in language  on input line 180.
Package babel Info: Redefining spanish shorthand <<
(babel)             in language  on input line 183.
Package babel Info: Redefining spanish shorthand >>
(babel)             in language  on input line 183.
Package babel Info: Redefining spanish shorthand "=
(babel)             in language  on input line 183.
Package babel Info: Redefining spanish shorthand "~
(babel)             in language  on input line 183.
Package babel Info: Redefining spanish shorthand "!
(babel)             in language  on input line 183.
Package babel Info: Redefining spanish shorthand "?
(babel)             in language  on input line 183.
Package babel Info: Redefining spanish shorthand <<
(babel)             in language  on input line 191.
Package babel Info: Redefining spanish shorthand >>
(babel)             in language  on input line 191.
Package babel Info: Redefining spanish shorthand "=
(babel)             in language  on input line 191.
Package babel Info: Redefining spanish shorthand "~
(babel)             in language  on input line 191.
Package babel Info: Redefining spanish shorthand "!
(babel)             in language  on input line 191.
Package babel Info: Redefining spanish shorthand "?
(babel)             in language  on input line 191.
Package babel Info: Redefining spanish shorthand <<
(babel)             in language  on input line 197.
Package babel Info: Redefining spanish shorthand >>
(babel)             in language  on input line 197.
Package babel Info: Redefining spanish shorthand "=
(babel)             in language  on input line 197.
Package babel Info: Redefining spanish shorthand "~
(babel)             in language  on input line 197.
Package babel Info: Redefining spanish shorthand "!
(babel)             in language  on input line 197.
Package babel Info: Redefining spanish shorthand "?
(babel)             in language  on input line 197.
Package babel Info: Redefining spanish shorthand <<
(babel)             in language  on input line 197.
Package babel Info: Redefining spanish shorthand >>
(babel)             in language  on input line 197.
Package babel Info: Redefining spanish shorthand "=
(babel)             in language  on input line 197.
Package babel Info: Redefining spanish shorthand "~
(babel)             in language  on input line 197.
Package babel Info: Redefining spanish shorthand "!
(babel)             in language  on input line 197.
Package babel Info: Redefining spanish shorthand "?
(babel)             in language  on input line 197.
 [3] <translatingCube.png, id=219, 399.4925pt x 212.29312pt>
File: translatingCube.png Graphic file (type png)

<use translatingCube.png>
Package pdftex.def Info: translatingCube.png used on input line 200.
(pdftex.def)             Requested size: 167.2989pt x 88.90335pt.

Underfull \hbox (badness 10000) in paragraph at lines 210--212

 []


Underfull \hbox (badness 10000) in paragraph at lines 214--216

 []

<image002.png, id=224, 855.195pt x 603.25375pt>
File: image002.png Graphic file (type png)
 <use image002.png>
Package pdftex.def Info: image002.png used on input line 233.
(pdftex.def)             Requested size: 250.95476pt x 177.01941pt.

<image003.png, id=225, 817.0525pt x 608.2725pt>
File: image003.png Graphic file (type png)
 <use image003.png>
Package pdftex.def Info: image003.png used on input line 239.
(pdftex.def)             Requested size: 250.95476pt x 186.82689pt.

<image001.png, id=226, 776.9025pt x 594.22pt>
File: image001.png Graphic file (type png)
 <use image001.png>
Package pdftex.def Info: image001.png used on input line 245.
(pdftex.def)             Requested size: 250.95476pt x 191.94049pt.
Package babel Info: Redefining spanish shorthand <<
(babel)             in language  on input line 249.
Package babel Info: Redefining spanish shorthand >>
(babel)             in language  on input line 249.
Package babel Info: Redefining spanish shorthand "=
(babel)             in language  on input line 249.
Package babel Info: Redefining spanish shorthand "~
(babel)             in language  on input line 249.
Package babel Info: Redefining spanish shorthand "!
(babel)             in language  on input line 249.
Package babel Info: Redefining spanish shorthand "?
(babel)             in language  on input line 249.
Package babel Info: Redefining spanish shorthand <<
(babel)             in language  on input line 249.
Package babel Info: Redefining spanish shorthand >>
(babel)             in language  on input line 249.
Package babel Info: Redefining spanish shorthand "=
(babel)             in language  on input line 249.
Package babel Info: Redefining spanish shorthand "~
(babel)             in language  on input line 249.
Package babel Info: Redefining spanish shorthand "!
(babel)             in language  on input line 249.
Package babel Info: Redefining spanish shorthand "?
(babel)             in language  on input line 249.
 [4 <./translatingCube.png>] <image009.png, id=250, 843.15pt x 516.93124pt>
File: image009.png Graphic file (type png)

<use image009.png>
Package pdftex.def Info: image009.png used on input line 256.
(pdftex.def)             Requested size: 250.95476pt x 153.85797pt.
 <image007.png, id=251, 817.0525pt x 530.98375pt>
File: image007.png Graphic file (type png)

<use image007.png>
Package pdftex.def Info: image007.png used on input line 262.
(pdftex.def)             Requested size: 250.95476pt x 163.08815pt.
 <image008.png, id=252, 896.34875pt x 508.90125pt>
File: image008.png Graphic file (type png)

<use image008.png>
Package pdftex.def Info: image008.png used on input line 268.
(pdftex.def)             Requested size: 250.95476pt x 142.47585pt.
Package babel Info: Redefining spanish shorthand <<
(babel)             in language  on input line 272.
Package babel Info: Redefining spanish shorthand >>
(babel)             in language  on input line 272.
Package babel Info: Redefining spanish shorthand "=
(babel)             in language  on input line 272.
Package babel Info: Redefining spanish shorthand "~
(babel)             in language  on input line 272.
Package babel Info: Redefining spanish shorthand "!
(babel)             in language  on input line 272.
Package babel Info: Redefining spanish shorthand "?
(babel)             in language  on input line 272.
Package babel Info: Redefining spanish shorthand <<
(babel)             in language  on input line 272.
Package babel Info: Redefining spanish shorthand >>
(babel)             in language  on input line 272.
Package babel Info: Redefining spanish shorthand "=
(babel)             in language  on input line 272.
Package babel Info: Redefining spanish shorthand "~
(babel)             in language  on input line 272.
Package babel Info: Redefining spanish shorthand "!
(babel)             in language  on input line 272.
Package babel Info: Redefining spanish shorthand "?
(babel)             in language  on input line 272.
 [5 <./image002.png> <./image003.png> <./image001.png>]
<image004.png, id=269, 848.16875pt x 564.1075pt>
File: image004.png Graphic file (type png)
 <use image004.png>
Package pdftex.def Info: image004.png used on input line 279.
(pdftex.def)             Requested size: 250.95476pt x 166.9009pt.

<image005.png, id=270, 832.10875pt x 558.085pt>
File: image005.png Graphic file (type png)
 <use image005.png>
Package pdftex.def Info: image005.png used on input line 285.
(pdftex.def)             Requested size: 250.95476pt x 168.31242pt.

<image006.png, id=271, 817.0525pt x 547.04375pt>
File: image006.png Graphic file (type png)
 <use image006.png>
Package pdftex.def Info: image006.png used on input line 291.
(pdftex.def)             Requested size: 250.95476pt x 168.02087pt.
Package babel Info: Redefining spanish shorthand <<
(babel)             in language  on input line 296.
Package babel Info: Redefining spanish shorthand >>
(babel)             in language  on input line 296.
Package babel Info: Redefining spanish shorthand "=
(babel)             in language  on input line 296.
Package babel Info: Redefining spanish shorthand "~
(babel)             in language  on input line 296.
Package babel Info: Redefining spanish shorthand "!
(babel)             in language  on input line 296.
Package babel Info: Redefining spanish shorthand "?
(babel)             in language  on input line 296.
Package babel Info: Redefining spanish shorthand <<
(babel)             in language  on input line 296.
Package babel Info: Redefining spanish shorthand >>
(babel)             in language  on input line 296.
Package babel Info: Redefining spanish shorthand "=
(babel)             in language  on input line 296.
Package babel Info: Redefining spanish shorthand "~
(babel)             in language  on input line 296.
Package babel Info: Redefining spanish shorthand "!
(babel)             in language  on input line 296.
Package babel Info: Redefining spanish shorthand "?
(babel)             in language  on input line 296.
 [6 <./image009.png> <./image007.png> <./image008.png>]
Underfull \hbox (badness 10000) in paragraph at lines 300--302

 []

Package babel Info: Redefining spanish shorthand <<
(babel)             in language  on input line 302.
Package babel Info: Redefining spanish shorthand >>
(babel)             in language  on input line 302.
Package babel Info: Redefining spanish shorthand "=
(babel)             in language  on input line 302.
Package babel Info: Redefining spanish shorthand "~
(babel)             in language  on input line 302.
Package babel Info: Redefining spanish shorthand "!
(babel)             in language  on input line 302.
Package babel Info: Redefining spanish shorthand "?
(babel)             in language  on input line 302.
Package babel Info: Redefining spanish shorthand <<
(babel)             in language  on input line 302.
Package babel Info: Redefining spanish shorthand >>
(babel)             in language  on input line 302.
Package babel Info: Redefining spanish shorthand "=
(babel)             in language  on input line 302.
Package babel Info: Redefining spanish shorthand "~
(babel)             in language  on input line 302.
Package babel Info: Redefining spanish shorthand "!
(babel)             in language  on input line 302.
Package babel Info: Redefining spanish shorthand "?
(babel)             in language  on input line 302.
[7 <./image004.png> <./image005.png> <./image006.png>]
Underfull \hbox (badness 10000) in paragraph at lines 305--312

 []

<fallingBall.png, id=301, 412.54124pt x 269.005pt>
File: fallingBall.png Graphic file (type png)
 <use fallingBall.png>
Package pdftex.def Info: fallingBall.png used on input line 315.
(pdftex.def)             Requested size: 167.2989pt x 109.09009pt.

Underfull \hbox (badness 10000) in paragraph at lines 320--322

 []

Package babel Info: Redefining spanish shorthand <<
(babel)             in language  on input line 403.
Package babel Info: Redefining spanish shorthand >>
(babel)             in language  on input line 403.
Package babel Info: Redefining spanish shorthand "=
(babel)             in language  on input line 403.
Package babel Info: Redefining spanish shorthand "~
(babel)             in language  on input line 403.
Package babel Info: Redefining spanish shorthand "!
(babel)             in language  on input line 403.
Package babel Info: Redefining spanish shorthand "?
(babel)             in language  on input line 403.
Package babel Info: Redefining spanish shorthand <<
(babel)             in language  on input line 403.
Package babel Info: Redefining spanish shorthand >>
(babel)             in language  on input line 403.
Package babel Info: Redefining spanish shorthand "=
(babel)             in language  on input line 403.
Package babel Info: Redefining spanish shorthand "~
(babel)             in language  on input line 403.
Package babel Info: Redefining spanish shorthand "!
(babel)             in language  on input line 403.
Package babel Info: Redefining spanish shorthand "?
(babel)             in language  on input line 403.
[8 <./fallingBall.png>]
Underfull \hbox (badness 10000) in paragraph at lines 404--406

 []

Package babel Info: Redefining spanish shorthand <<
(babel)             in language  on input line 412.
Package babel Info: Redefining spanish shorthand >>
(babel)             in language  on input line 412.
Package babel Info: Redefining spanish shorthand "=
(babel)             in language  on input line 412.
Package babel Info: Redefining spanish shorthand "~
(babel)             in language  on input line 412.
Package babel Info: Redefining spanish shorthand "!
(babel)             in language  on input line 412.
Package babel Info: Redefining spanish shorthand "?
(babel)             in language  on input line 412.

Underfull \hbox (badness 10000) in paragraph at lines 417--419

 []

Package babel Info: Redefining spanish shorthand <<
(babel)             in language  on input line 419.
Package babel Info: Redefining spanish shorthand >>
(babel)             in language  on input line 419.
Package babel Info: Redefining spanish shorthand "=
(babel)             in language  on input line 419.
Package babel Info: Redefining spanish shorthand "~
(babel)             in language  on input line 419.
Package babel Info: Redefining spanish shorthand "!
(babel)             in language  on input line 419.
Package babel Info: Redefining spanish shorthand "?
(babel)             in language  on input line 419.
Package babel Info: Redefining spanish shorthand <<
(babel)             in language  on input line 419.
Package babel Info: Redefining spanish shorthand >>
(babel)             in language  on input line 419.
Package babel Info: Redefining spanish shorthand "=
(babel)             in language  on input line 419.
Package babel Info: Redefining spanish shorthand "~
(babel)             in language  on input line 419.
Package babel Info: Redefining spanish shorthand "!
(babel)             in language  on input line 419.
Package babel Info: Redefining spanish shorthand "?
(babel)             in language  on input line 419.
[9]
Package babel Info: Redefining spanish shorthand <<
(babel)             in language  on input line 422.
Package babel Info: Redefining spanish shorthand >>
(babel)             in language  on input line 422.
Package babel Info: Redefining spanish shorthand "=
(babel)             in language  on input line 422.
Package babel Info: Redefining spanish shorthand "~
(babel)             in language  on input line 422.
Package babel Info: Redefining spanish shorthand "!
(babel)             in language  on input line 422.
Package babel Info: Redefining spanish shorthand "?
(babel)             in language  on input line 422.

Underfull \hbox (badness 10000) in paragraph at lines 427--429

 []

Package babel Info: Redefining spanish shorthand <<
(babel)             in language  on input line 435.
Package babel Info: Redefining spanish shorthand >>
(babel)             in language  on input line 435.
Package babel Info: Redefining spanish shorthand "=
(babel)             in language  on input line 435.
Package babel Info: Redefining spanish shorthand "~
(babel)             in language  on input line 435.
Package babel Info: Redefining spanish shorthand "!
(babel)             in language  on input line 435.
Package babel Info: Redefining spanish shorthand "?
(babel)             in language  on input line 435.

Underfull \hbox (badness 10000) in paragraph at lines 438--440

 []

Package babel Info: Redefining spanish shorthand <<
(babel)             in language  on input line 443.
Package babel Info: Redefining spanish shorthand >>
(babel)             in language  on input line 443.
Package babel Info: Redefining spanish shorthand "=
(babel)             in language  on input line 443.
Package babel Info: Redefining spanish shorthand "~
(babel)             in language  on input line 443.
Package babel Info: Redefining spanish shorthand "!
(babel)             in language  on input line 443.
Package babel Info: Redefining spanish shorthand "?
(babel)             in language  on input line 443.
Package babel Info: Redefining spanish shorthand <<
(babel)             in language  on input line 456.
Package babel Info: Redefining spanish shorthand >>
(babel)             in language  on input line 456.
Package babel Info: Redefining spanish shorthand "=
(babel)             in language  on input line 456.
Package babel Info: Redefining spanish shorthand "~
(babel)             in language  on input line 456.
Package babel Info: Redefining spanish shorthand "!
(babel)             in language  on input line 456.
Package babel Info: Redefining spanish shorthand "?
(babel)             in language  on input line 456.

Underfull \hbox (badness 10000) in paragraph at lines 459--461

 []

<humanoid.png, id=340, 160.6pt x 178.6675pt>
File: humanoid.png Graphic file (type png)
 <use humanoid.png>
Package pdftex.def Info: humanoid.png used on input line 464.
(pdftex.def)             Requested size: 125.47737pt x 139.59726pt.
Package babel Info: Redefining spanish shorthand <<
(babel)             in language  on input line 468.
Package babel Info: Redefining spanish shorthand >>
(babel)             in language  on input line 468.
Package babel Info: Redefining spanish shorthand "=
(babel)             in language  on input line 468.
Package babel Info: Redefining spanish shorthand "~
(babel)             in language  on input line 468.
Package babel Info: Redefining spanish shorthand "!
(babel)             in language  on input line 468.
Package babel Info: Redefining spanish shorthand "?
(babel)             in language  on input line 468.
Package babel Info: Redefining spanish shorthand <<
(babel)             in language  on input line 468.
Package babel Info: Redefining spanish shorthand >>
(babel)             in language  on input line 468.
Package babel Info: Redefining spanish shorthand "=
(babel)             in language  on input line 468.
Package babel Info: Redefining spanish shorthand "~
(babel)             in language  on input line 468.
Package babel Info: Redefining spanish shorthand "!
(babel)             in language  on input line 468.
Package babel Info: Redefining spanish shorthand "?
(babel)             in language  on input line 468.
 [10]
Package babel Info: Redefining spanish shorthand <<
(babel)             in language  on input line 469.
Package babel Info: Redefining spanish shorthand >>
(babel)             in language  on input line 469.
Package babel Info: Redefining spanish shorthand "=
(babel)             in language  on input line 469.
Package babel Info: Redefining spanish shorthand "~
(babel)             in language  on input line 469.
Package babel Info: Redefining spanish shorthand "!
(babel)             in language  on input line 469.
Package babel Info: Redefining spanish shorthand "?
(babel)             in language  on input line 469.

Underfull \hbox (badness 10000) in paragraph at lines 473--494

 []

<humanoid_segments.png, id=351, 192.72pt x 181.67876pt>
File: humanoid_segments.png Graphic file (type png)

<use humanoid_segments.png>
Package pdftex.def Info: humanoid_segments.png used on input line 501.
(pdftex.def)             Requested size: 146.39133pt x 138.00243pt.

<humanoid_articulations.png, id=352, 298.11375pt x 215.80624pt>
File: humanoid_articulations.png Graphic file (type png)

<use humanoid_articulations.png>
Package pdftex.def Info: humanoid_articulations.png used on input line 507.
(pdftex.def)             Requested size: 188.21288pt x 136.24843pt.
Package babel Info: Redefining spanish shorthand <<
(babel)             in language  on input line 515.
Package babel Info: Redefining spanish shorthand >>
(babel)             in language  on input line 515.
Package babel Info: Redefining spanish shorthand "=
(babel)             in language  on input line 515.
Package babel Info: Redefining spanish shorthand "~
(babel)             in language  on input line 515.
Package babel Info: Redefining spanish shorthand "!
(babel)             in language  on input line 515.
Package babel Info: Redefining spanish shorthand "?
(babel)             in language  on input line 515.
Package babel Info: Redefining spanish shorthand <<
(babel)             in language  on input line 520.
Package babel Info: Redefining spanish shorthand >>
(babel)             in language  on input line 520.
Package babel Info: Redefining spanish shorthand "=
(babel)             in language  on input line 520.
Package babel Info: Redefining spanish shorthand "~
(babel)             in language  on input line 520.
Package babel Info: Redefining spanish shorthand "!
(babel)             in language  on input line 520.
Package babel Info: Redefining spanish shorthand "?
(babel)             in language  on input line 520.
Package babel Info: Redefining spanish shorthand <<
(babel)             in language  on input line 520.
Package babel Info: Redefining spanish shorthand >>
(babel)             in language  on input line 520.
Package babel Info: Redefining spanish shorthand "=
(babel)             in language  on input line 520.
Package babel Info: Redefining spanish shorthand "~
(babel)             in language  on input line 520.
Package babel Info: Redefining spanish shorthand "!
(babel)             in language  on input line 520.
Package babel Info: Redefining spanish shorthand "?
(babel)             in language  on input line 520.
 [11 <./humanoid.png> <./humanoid_segments.png> <./humanoid_articulations.png>]
Package babel Info: Redefining spanish shorthand <<
(babel)             in language  on input line 521.
Package babel Info: Redefining spanish shorthand >>
(babel)             in language  on input line 521.
Package babel Info: Redefining spanish shorthand "=
(babel)             in language  on input line 521.
Package babel Info: Redefining spanish shorthand "~
(babel)             in language  on input line 521.
Package babel Info: Redefining spanish shorthand "!
(babel)             in language  on input line 521.
Package babel Info: Redefining spanish shorthand "?
(babel)             in language  on input line 521.

<actuators.png, id=371, 192.72pt x 181.67876pt>
File: actuators.png Graphic file (type png)
 <use actuators.png>
Package pdftex.def Info: actuators.png used on input line 529.
(pdftex.def)             Requested size: 167.2989pt x 157.7127pt.

Underfull \hbox (badness 10000) in paragraph at lines 524--532

 []

Package babel Info: Redefining spanish shorthand <<
(babel)             in language  on input line 534.
Package babel Info: Redefining spanish shorthand >>
(babel)             in language  on input line 534.
Package babel Info: Redefining spanish shorthand "=
(babel)             in language  on input line 534.
Package babel Info: Redefining spanish shorthand "~
(babel)             in language  on input line 534.
Package babel Info: Redefining spanish shorthand "!
(babel)             in language  on input line 534.
Package babel Info: Redefining spanish shorthand "?
(babel)             in language  on input line 534.
Package babel Info: Redefining spanish shorthand <<
(babel)             in language  on input line 540.
Package babel Info: Redefining spanish shorthand >>
(babel)             in language  on input line 540.
Package babel Info: Redefining spanish shorthand "=
(babel)             in language  on input line 540.
Package babel Info: Redefining spanish shorthand "~
(babel)             in language  on input line 540.
Package babel Info: Redefining spanish shorthand "!
(babel)             in language  on input line 540.
Package babel Info: Redefining spanish shorthand "?
(babel)             in language  on input line 540.
Package babel Info: Redefining spanish shorthand <<
(babel)             in language  on input line 544.
Package babel Info: Redefining spanish shorthand >>
(babel)             in language  on input line 544.
Package babel Info: Redefining spanish shorthand "=
(babel)             in language  on input line 544.
Package babel Info: Redefining spanish shorthand "~
(babel)             in language  on input line 544.
Package babel Info: Redefining spanish shorthand "!
(babel)             in language  on input line 544.
Package babel Info: Redefining spanish shorthand "?
(babel)             in language  on input line 544.
Package babel Info: Redefining spanish shorthand <<
(babel)             in language  on input line 544.
Package babel Info: Redefining spanish shorthand >>
(babel)             in language  on input line 544.
Package babel Info: Redefining spanish shorthand "=
(babel)             in language  on input line 544.
Package babel Info: Redefining spanish shorthand "~
(babel)             in language  on input line 544.
Package babel Info: Redefining spanish shorthand "!
(babel)             in language  on input line 544.
Package babel Info: Redefining spanish shorthand "?
(babel)             in language  on input line 544.
[12 <./actuators.png>]
Package babel Info: Redefining spanish shorthand <<
(babel)             in language  on input line 546.
Package babel Info: Redefining spanish shorthand >>
(babel)             in language  on input line 546.
Package babel Info: Redefining spanish shorthand "=
(babel)             in language  on input line 546.
Package babel Info: Redefining spanish shorthand "~
(babel)             in language  on input line 546.
Package babel Info: Redefining spanish shorthand "!
(babel)             in language  on input line 546.
Package babel Info: Redefining spanish shorthand "?
(babel)             in language  on input line 546.
Package babel Info: Redefining spanish shorthand <<
(babel)             in language  on input line 558.
Package babel Info: Redefining spanish shorthand >>
(babel)             in language  on input line 558.
Package babel Info: Redefining spanish shorthand "=
(babel)             in language  on input line 558.
Package babel Info: Redefining spanish shorthand "~
(babel)             in language  on input line 558.
Package babel Info: Redefining spanish shorthand "!
(babel)             in language  on input line 558.
Package babel Info: Redefining spanish shorthand "?
(babel)             in language  on input line 558.
Missing character: There is no e in font msbm10!

Underfull \hbox (badness 10000) in paragraph at lines 570--572

 []


Underfull \hbox (badness 10000) in paragraph at lines 574--576

 []

Package babel Info: Redefining spanish shorthand <<
(babel)             in language  on input line 586.
Package babel Info: Redefining spanish shorthand >>
(babel)             in language  on input line 586.
Package babel Info: Redefining spanish shorthand "=
(babel)             in language  on input line 586.
Package babel Info: Redefining spanish shorthand "~
(babel)             in language  on input line 586.
Package babel Info: Redefining spanish shorthand "!
(babel)             in language  on input line 586.
Package babel Info: Redefining spanish shorthand "?
(babel)             in language  on input line 586.
Package babel Info: Redefining spanish shorthand <<
(babel)             in language  on input line 589.
Package babel Info: Redefining spanish shorthand >>
(babel)             in language  on input line 589.
Package babel Info: Redefining spanish shorthand "=
(babel)             in language  on input line 589.
Package babel Info: Redefining spanish shorthand "~
(babel)             in language  on input line 589.
Package babel Info: Redefining spanish shorthand "!
(babel)             in language  on input line 589.
Package babel Info: Redefining spanish shorthand "?
(babel)             in language  on input line 589.
Package babel Info: Redefining spanish shorthand <<
(babel)             in language  on input line 592.
Package babel Info: Redefining spanish shorthand >>
(babel)             in language  on input line 592.
Package babel Info: Redefining spanish shorthand "=
(babel)             in language  on input line 592.
Package babel Info: Redefining spanish shorthand "~
(babel)             in language  on input line 592.
Package babel Info: Redefining spanish shorthand "!
(babel)             in language  on input line 592.
Package babel Info: Redefining spanish shorthand "?
(babel)             in language  on input line 592.
Package babel Info: Redefining spanish shorthand <<
(babel)             in language  on input line 592.
Package babel Info: Redefining spanish shorthand >>
(babel)             in language  on input line 592.
Package babel Info: Redefining spanish shorthand "=
(babel)             in language  on input line 592.
Package babel Info: Redefining spanish shorthand "~
(babel)             in language  on input line 592.
Package babel Info: Redefining spanish shorthand "!
(babel)             in language  on input line 592.
Package babel Info: Redefining spanish shorthand "?
(babel)             in language  on input line 592.
[13]
Package babel Info: Redefining spanish shorthand <<
(babel)             in language  on input line 593.
Package babel Info: Redefining spanish shorthand >>
(babel)             in language  on input line 593.
Package babel Info: Redefining spanish shorthand "=
(babel)             in language  on input line 593.
Package babel Info: Redefining spanish shorthand "~
(babel)             in language  on input line 593.
Package babel Info: Redefining spanish shorthand "!
(babel)             in language  on input line 593.
Package babel Info: Redefining spanish shorthand "?
(babel)             in language  on input line 593.
Package babel Info: Redefining spanish shorthand <<
(babel)             in language  on input line 611.
Package babel Info: Redefining spanish shorthand >>
(babel)             in language  on input line 611.
Package babel Info: Redefining spanish shorthand "=
(babel)             in language  on input line 611.
Package babel Info: Redefining spanish shorthand "~
(babel)             in language  on input line 611.
Package babel Info: Redefining spanish shorthand "!
(babel)             in language  on input line 611.
Package babel Info: Redefining spanish shorthand "?
(babel)             in language  on input line 611.
Package babel Info: Redefining spanish shorthand <<
(babel)             in language  on input line 614.
Package babel Info: Redefining spanish shorthand >>
(babel)             in language  on input line 614.
Package babel Info: Redefining spanish shorthand "=
(babel)             in language  on input line 614.
Package babel Info: Redefining spanish shorthand "~
(babel)             in language  on input line 614.
Package babel Info: Redefining spanish shorthand "!
(babel)             in language  on input line 614.
Package babel Info: Redefining spanish shorthand "?
(babel)             in language  on input line 614.
Package babel Info: Redefining spanish shorthand <<
(babel)             in language  on input line 620.
Package babel Info: Redefining spanish shorthand >>
(babel)             in language  on input line 620.
Package babel Info: Redefining spanish shorthand "=
(babel)             in language  on input line 620.
Package babel Info: Redefining spanish shorthand "~
(babel)             in language  on input line 620.
Package babel Info: Redefining spanish shorthand "!
(babel)             in language  on input line 620.
Package babel Info: Redefining spanish shorthand "?
(babel)             in language  on input line 620.

Underfull \hbox (badness 10000) in paragraph at lines 626--629

 []

Package babel Info: Redefining spanish shorthand <<
(babel)             in language  on input line 630.
Package babel Info: Redefining spanish shorthand >>
(babel)             in language  on input line 630.
Package babel Info: Redefining spanish shorthand "=
(babel)             in language  on input line 630.
Package babel Info: Redefining spanish shorthand "~
(babel)             in language  on input line 630.
Package babel Info: Redefining spanish shorthand "!
(babel)             in language  on input line 630.
Package babel Info: Redefining spanish shorthand "?
(babel)             in language  on input line 630.

Underfull \hbox (badness 10000) in paragraph at lines 633--634

 []


Underfull \hbox (badness 10000) in paragraph at lines 636--640

 []

Package babel Info: Redefining spanish shorthand <<
(babel)             in language  on input line 640.
Package babel Info: Redefining spanish shorthand >>
(babel)             in language  on input line 640.
Package babel Info: Redefining spanish shorthand "=
(babel)             in language  on input line 640.
Package babel Info: Redefining spanish shorthand "~
(babel)             in language  on input line 640.
Package babel Info: Redefining spanish shorthand "!
(babel)             in language  on input line 640.
Package babel Info: Redefining spanish shorthand "?
(babel)             in language  on input line 640.
Package babel Info: Redefining spanish shorthand <<
(babel)             in language  on input line 640.
Package babel Info: Redefining spanish shorthand >>
(babel)             in language  on input line 640.
Package babel Info: Redefining spanish shorthand "=
(babel)             in language  on input line 640.
Package babel Info: Redefining spanish shorthand "~
(babel)             in language  on input line 640.
Package babel Info: Redefining spanish shorthand "!
(babel)             in language  on input line 640.
Package babel Info: Redefining spanish shorthand "?
(babel)             in language  on input line 640.
[14]
Package babel Info: Redefining spanish shorthand <<
(babel)             in language  on input line 643.
Package babel Info: Redefining spanish shorthand >>
(babel)             in language  on input line 643.
Package babel Info: Redefining spanish shorthand "=
(babel)             in language  on input line 643.
Package babel Info: Redefining spanish shorthand "~
(babel)             in language  on input line 643.
Package babel Info: Redefining spanish shorthand "!
(babel)             in language  on input line 643.
Package babel Info: Redefining spanish shorthand "?
(babel)             in language  on input line 643.

Underfull \hbox (badness 10000) in paragraph at lines 646--647

 []

Package babel Info: Redefining spanish shorthand <<
(babel)             in language  on input line 656.
Package babel Info: Redefining spanish shorthand >>
(babel)             in language  on input line 656.
Package babel Info: Redefining spanish shorthand "=
(babel)             in language  on input line 656.
Package babel Info: Redefining spanish shorthand "~
(babel)             in language  on input line 656.
Package babel Info: Redefining spanish shorthand "!
(babel)             in language  on input line 656.
Package babel Info: Redefining spanish shorthand "?
(babel)             in language  on input line 656.

Underfull \hbox (badness 10000) in paragraph at lines 659--660

 []


Underfull \hbox (badness 10000) in paragraph at lines 662--666

 []

Package babel Info: Redefining spanish shorthand <<
(babel)             in language  on input line 667.
Package babel Info: Redefining spanish shorthand >>
(babel)             in language  on input line 667.
Package babel Info: Redefining spanish shorthand "=
(babel)             in language  on input line 667.
Package babel Info: Redefining spanish shorthand "~
(babel)             in language  on input line 667.
Package babel Info: Redefining spanish shorthand "!
(babel)             in language  on input line 667.
Package babel Info: Redefining spanish shorthand "?
(babel)             in language  on input line 667.
Package babel Info: Redefining spanish shorthand <<
(babel)             in language  on input line 673.
Package babel Info: Redefining spanish shorthand >>
(babel)             in language  on input line 673.
Package babel Info: Redefining spanish shorthand "=
(babel)             in language  on input line 673.
Package babel Info: Redefining spanish shorthand "~
(babel)             in language  on input line 673.
Package babel Info: Redefining spanish shorthand "!
(babel)             in language  on input line 673.
Package babel Info: Redefining spanish shorthand "?
(babel)             in language  on input line 673.
Package babel Info: Redefining spanish shorthand <<
(babel)             in language  on input line 673.
Package babel Info: Redefining spanish shorthand >>
(babel)             in language  on input line 673.
Package babel Info: Redefining spanish shorthand "=
(babel)             in language  on input line 673.
Package babel Info: Redefining spanish shorthand "~
(babel)             in language  on input line 673.
Package babel Info: Redefining spanish shorthand "!
(babel)             in language  on input line 673.
Package babel Info: Redefining spanish shorthand "?
(babel)             in language  on input line 673.
[15]
Underfull \hbox (badness 10000) in paragraph at lines 673--675

 []

Package babel Info: Redefining spanish shorthand <<
(babel)             in language  on input line 676.
Package babel Info: Redefining spanish shorthand >>
(babel)             in language  on input line 676.
Package babel Info: Redefining spanish shorthand "=
(babel)             in language  on input line 676.
Package babel Info: Redefining spanish shorthand "~
(babel)             in language  on input line 676.
Package babel Info: Redefining spanish shorthand "!
(babel)             in language  on input line 676.
Package babel Info: Redefining spanish shorthand "?
(babel)             in language  on input line 676.
Missing character: There is no  in font cmr10!

Underfull \hbox (badness 10000) in paragraph at lines 682--685

 []

Package babel Info: Redefining spanish shorthand <<
(babel)             in language  on input line 692.
Package babel Info: Redefining spanish shorthand >>
(babel)             in language  on input line 692.
Package babel Info: Redefining spanish shorthand "=
(babel)             in language  on input line 692.
Package babel Info: Redefining spanish shorthand "~
(babel)             in language  on input line 692.
Package babel Info: Redefining spanish shorthand "!
(babel)             in language  on input line 692.
Package babel Info: Redefining spanish shorthand "?
(babel)             in language  on input line 692.
Package babel Info: Redefining spanish shorthand <<
(babel)             in language  on input line 694.
Package babel Info: Redefining spanish shorthand >>
(babel)             in language  on input line 694.
Package babel Info: Redefining spanish shorthand "=
(babel)             in language  on input line 694.
Package babel Info: Redefining spanish shorthand "~
(babel)             in language  on input line 694.
Package babel Info: Redefining spanish shorthand "!
(babel)             in language  on input line 694.
Package babel Info: Redefining spanish shorthand "?
(babel)             in language  on input line 694.
Package babel Info: Redefining spanish shorthand <<
(babel)             in language  on input line 700.
Package babel Info: Redefining spanish shorthand >>
(babel)             in language  on input line 700.
Package babel Info: Redefining spanish shorthand "=
(babel)             in language  on input line 700.
Package babel Info: Redefining spanish shorthand "~
(babel)             in language  on input line 700.
Package babel Info: Redefining spanish shorthand "!
(babel)             in language  on input line 700.
Package babel Info: Redefining spanish shorthand "?
(babel)             in language  on input line 700.
Package babel Info: Redefining spanish shorthand <<
(babel)             in language  on input line 708.
Package babel Info: Redefining spanish shorthand >>
(babel)             in language  on input line 708.
Package babel Info: Redefining spanish shorthand "=
(babel)             in language  on input line 708.
Package babel Info: Redefining spanish shorthand "~
(babel)             in language  on input line 708.
Package babel Info: Redefining spanish shorthand "!
(babel)             in language  on input line 708.
Package babel Info: Redefining spanish shorthand "?
(babel)             in language  on input line 708.
Package babel Info: Redefining spanish shorthand <<
(babel)             in language  on input line 721.
Package babel Info: Redefining spanish shorthand >>
(babel)             in language  on input line 721.
Package babel Info: Redefining spanish shorthand "=
(babel)             in language  on input line 721.
Package babel Info: Redefining spanish shorthand "~
(babel)             in language  on input line 721.
Package babel Info: Redefining spanish shorthand "!
(babel)             in language  on input line 721.
Package babel Info: Redefining spanish shorthand "?
(babel)             in language  on input line 721.
<placeholder.jpg, id=409, 351.3125pt x 193.72375pt>
File: placeholder.jpg Graphic file (type jpg)
 <use placeholder.jpg>
Package pdftex.def Info: placeholder.jpg used on input line 727.
(pdftex.def)             Requested size: 271.86234pt x 149.92447pt.
Package babel Info: Redefining spanish shorthand <<
(babel)             in language  on input line 730.
Package babel Info: Redefining spanish shorthand >>
(babel)             in language  on input line 730.
Package babel Info: Redefining spanish shorthand "=
(babel)             in language  on input line 730.
Package babel Info: Redefining spanish shorthand "~
(babel)             in language  on input line 730.
Package babel Info: Redefining spanish shorthand "!
(babel)             in language  on input line 730.
Package babel Info: Redefining spanish shorthand "?
(babel)             in language  on input line 730.
Package babel Info: Redefining spanish shorthand <<
(babel)             in language  on input line 730.
Package babel Info: Redefining spanish shorthand >>
(babel)             in language  on input line 730.
Package babel Info: Redefining spanish shorthand "=
(babel)             in language  on input line 730.
Package babel Info: Redefining spanish shorthand "~
(babel)             in language  on input line 730.
Package babel Info: Redefining spanish shorthand "!
(babel)             in language  on input line 730.
Package babel Info: Redefining spanish shorthand "?
(babel)             in language  on input line 730.

[16]
Package babel Info: Redefining spanish shorthand <<
(babel)             in language  on input line 737.
Package babel Info: Redefining spanish shorthand >>
(babel)             in language  on input line 737.
Package babel Info: Redefining spanish shorthand "=
(babel)             in language  on input line 737.
Package babel Info: Redefining spanish shorthand "~
(babel)             in language  on input line 737.
Package babel Info: Redefining spanish shorthand "!
(babel)             in language  on input line 737.
Package babel Info: Redefining spanish shorthand "?
(babel)             in language  on input line 737.
Package babel Info: Redefining spanish shorthand <<
(babel)             in language  on input line 747.
Package babel Info: Redefining spanish shorthand >>
(babel)             in language  on input line 747.
Package babel Info: Redefining spanish shorthand "=
(babel)             in language  on input line 747.
Package babel Info: Redefining spanish shorthand "~
(babel)             in language  on input line 747.
Package babel Info: Redefining spanish shorthand "!
(babel)             in language  on input line 747.
Package babel Info: Redefining spanish shorthand "?
(babel)             in language  on input line 747.
Package atveryend Info: Empty hook `BeforeClearDocument' on input line 769.
Package babel Info: Redefining spanish shorthand <<
(babel)             in language  on input line 769.
Package babel Info: Redefining spanish shorthand >>
(babel)             in language  on input line 769.
Package babel Info: Redefining spanish shorthand "=
(babel)             in language  on input line 769.
Package babel Info: Redefining spanish shorthand "~
(babel)             in language  on input line 769.
Package babel Info: Redefining spanish shorthand "!
(babel)             in language  on input line 769.
Package babel Info: Redefining spanish shorthand "?
(babel)             in language  on input line 769.
Package babel Info: Redefining spanish shorthand <<
(babel)             in language  on input line 769.
Package babel Info: Redefining spanish shorthand >>
(babel)             in language  on input line 769.
Package babel Info: Redefining spanish shorthand "=
(babel)             in language  on input line 769.
Package babel Info: Redefining spanish shorthand "~
(babel)             in language  on input line 769.
Package babel Info: Redefining spanish shorthand "!
(babel)             in language  on input line 769.
Package babel Info: Redefining spanish shorthand "?
(babel)             in language  on input line 769.
 [17 <./placeholder.jpg>]
Package atveryend Info: Empty hook `AfterLastShipout' on input line 769.
 (./lab_report_1.aux
LaTeX Info: Redefining \. on input line 24.
LaTeX Info: Redefining \% on input line 24.
)
Package atveryend Info: Executing hook `AtVeryEndDocument' on input line 769.
Package atveryend Info: Executing hook `AtEndAfterFileList' on input line 769.
Package rerunfilecheck Info: File `lab_report_1.out' has not changed.
(rerunfilecheck)             Checksum: 0073B6DCB4B8C9FBA20F701AC659ABBB;2287.
 ) 
Here is how much of TeX's memory you used:
 17608 strings out of 493117
 290940 string characters out of 6135433
 422068 words of memory out of 5000000
 20703 multiletter control sequences out of 15000+600000
 17094 words of font info for 65 fonts, out of 8000000 for 9000
 1141 hyphenation exceptions out of 8191
 61i,15n,96p,10389b,614s stack positions out of 5000i,500n,10000p,200000b,80000s
</usr/local/texlive/2014/texmf-dist/fonts/type1/public/amsfonts/cm/cmbx10.pfb
></usr/local/texlive/2014/texmf-dist/fonts/type1/public/amsfonts/cm/cmbx12.pfb>
</usr/local/texlive/2014/texmf-dist/fonts/type1/public/amsfonts/cm/cmbx9.pfb></
usr/local/texlive/2014/texmf-dist/fonts/type1/public/amsfonts/cm/cmbxti10.pfb><
/usr/local/texlive/2014/texmf-dist/fonts/type1/public/amsfonts/cm/cmex10.pfb></
usr/local/texlive/2014/texmf-dist/fonts/type1/public/amsfonts/cm/cmmi10.pfb></u
sr/local/texlive/2014/texmf-dist/fonts/type1/public/amsfonts/cm/cmmi5.pfb></usr
/local/texlive/2014/texmf-dist/fonts/type1/public/amsfonts/cm/cmmi7.pfb></usr/l
ocal/texlive/2014/texmf-dist/fonts/type1/public/amsfonts/cm/cmr10.pfb></usr/loc
al/texlive/2014/texmf-dist/fonts/type1/public/amsfonts/cm/cmr5.pfb></usr/local/
texlive/2014/texmf-dist/fonts/type1/public/amsfonts/cm/cmr6.pfb></usr/local/tex
live/2014/texmf-dist/fonts/type1/public/amsfonts/cm/cmr7.pfb></usr/local/texliv
e/2014/texmf-dist/fonts/type1/public/amsfonts/cm/cmr8.pfb></usr/local/texlive/2
014/texmf-dist/fonts/type1/public/amsfonts/cm/cmr9.pfb></usr/local/texlive/2014
/texmf-dist/fonts/type1/public/amsfonts/cm/cmsy10.pfb></usr/local/texlive/2014/
texmf-dist/fonts/type1/public/amsfonts/cm/cmsy7.pfb></usr/local/texlive/2014/te
xmf-dist/fonts/type1/public/amsfonts/cm/cmsy9.pfb></usr/local/texlive/2014/texm
f-dist/fonts/type1/public/amsfonts/cm/cmti10.pfb></usr/local/texlive/2014/texmf
-dist/fonts/type1/public/amsfonts/cm/cmti9.pfb></usr/local/texlive/2014/texmf-d
ist/fonts/type1/public/amsfonts/cm/cmtt12.pfb></usr/local/texlive/2014/texmf-di
st/fonts/type1/public/amsfonts/symbols/msbm10.pfb>
Output written on lab_report_1.pdf (17 pages, 1345541 bytes).
PDF statistics:
 513 PDF objects out of 1000 (max. 8388607)
 420 compressed objects within 5 object streams
 108 named destinations out of 1000 (max. 500000)
 361 words of extra memory for PDF output out of 10000 (max. 10000000)

